{"timestamp":"2025-11-06T20:39:44.341049Z","level":"info","event":"DAG bundles loaded: dags-folder, example_dags","logger":"airflow.dag_processing.bundles.manager.DagBundlesManager","filename":"manager.py","lineno":179}
{"timestamp":"2025-11-06T20:39:44.342844Z","level":"info","event":"Filling up the DagBag from /opt/airflow/dags/homicidiosAlagoas.py","logger":"airflow.models.dagbag.DagBag","filename":"dagbag.py","lineno":593}
{"timestamp":"2025-11-06T20:39:44.417534Z","level":"info","event":"Task instance is in running state","logger":"task.stdout"}
{"timestamp":"2025-11-06T20:39:44.417693Z","level":"info","event":" Previous state of the Task instance: TaskInstanceState.QUEUED","logger":"task.stdout"}
{"timestamp":"2025-11-06T20:39:44.417788Z","level":"info","event":"Current task name:extract_homicidios","logger":"task.stdout"}
{"timestamp":"2025-11-06T20:39:44.417824Z","level":"info","event":"Dag name:Homicidios_Alagoas","logger":"task.stdout"}
{"timestamp":"2025-11-06T20:39:44.460543Z","level":"info","event":"      skin_color   age        sex  ...          neighborhood        date hour","logger":"task.stdout"}
{"timestamp":"2025-11-06T20:39:44.460719Z","level":"info","event":"0          Parda  20.0  Masculino  ...              Planalto  01/01/2016    1","logger":"task.stdout"}
{"timestamp":"2025-11-06T20:39:44.460762Z","level":"info","event":"1          Parda  25.0  Masculino  ...    Tabuleiro do Pinto  01/01/2016    4","logger":"task.stdout"}
{"timestamp":"2025-11-06T20:39:44.460787Z","level":"info","event":"2          Parda  32.0  Masculino  ...  Tabuleiro do Martins  01/01/2016    4","logger":"task.stdout"}
{"timestamp":"2025-11-06T20:39:44.460808Z","level":"info","event":"3          Parda  35.0  Masculino  ...      Chã de Bebedouro  01/01/2016   11","logger":"task.stdout"}
{"timestamp":"2025-11-06T20:39:44.460848Z","level":"info","event":"4         Branca  21.0  Masculino  ...                Centro  01/01/2016   20","logger":"task.stdout"}
{"timestamp":"2025-11-06T20:39:44.460885Z","level":"info","event":"...          ...   ...        ...  ...                   ...         ...  ...","logger":"task.stdout"}
{"timestamp":"2025-11-06T20:39:44.460920Z","level":"info","event":"10840         NI    32  Masculino  ...                Centro  30/07/2023    6","logger":"task.stdout"}
{"timestamp":"2025-11-06T20:39:44.460952Z","level":"info","event":"10841      Parda    26  Masculino  ...               Xucurus  30/07/2023    9","logger":"task.stdout"}
{"timestamp":"2025-11-06T20:39:44.460974Z","level":"info","event":"10842         NI    39  Masculino  ...        Nova Esperança  30/07/2023   20","logger":"task.stdout"}
{"timestamp":"2025-11-06T20:39:44.460997Z","level":"info","event":"10843      Parda    22  Masculino  ...            Jacintinho  30/07/2023   20","logger":"task.stdout"}
{"timestamp":"2025-11-06T20:39:44.461016Z","level":"info","event":"10844      Preta    20  Masculino  ...             Clima Bom  31/07/2023   20","logger":"task.stdout"}
{"timestamp":"2025-11-06T20:39:44.461035Z","level":"info","event":"","logger":"task.stdout"}
{"timestamp":"2025-11-06T20:39:44.461055Z","level":"info","event":"[10845 rows x 9 columns]","logger":"task.stdout"}
{"timestamp":"2025-11-06T20:39:44.465820Z","level":"info","event":"Done. Returned value was:       skin_color   age        sex  ...          neighborhood        date hour\n0          Parda  20.0  Masculino  ...              Planalto  01/01/2016    1\n1          Parda  25.0  Masculino  ...    Tabuleiro do Pinto  01/01/2016    4\n2          Parda  32.0  Masculino  ...  Tabuleiro do Martins  01/01/2016    4\n3          Parda  35.0  Masculino  ...      Chã de Bebedouro  01/01/2016   11\n4         Branca  21.0  Masculino  ...                Centro  01/01/2016   20\n...          ...   ...        ...  ...                   ...         ...  ...\n10840         NI    32  Masculino  ...                Centro  30/07/2023    6\n10841      Parda    26  Masculino  ...               Xucurus  30/07/2023    9\n10842         NI    39  Masculino  ...        Nova Esperança  30/07/2023   20\n10843      Parda    22  Masculino  ...            Jacintinho  30/07/2023   20\n10844      Preta    20  Masculino  ...             Clima Bom  31/07/2023   20\n\n[10845 rows x 9 columns]","logger":"airflow.task.operators.airflow.providers.standard.operators.python.PythonOperator","filename":"python.py","lineno":215}
{"timestamp":"2025-11-06T20:39:44.466158Z","level":"info","event":"Pushing xcom","ti":"RuntimeTaskInstance(id=UUID('019a5ae5-87cd-77fe-816e-8f434698f73f'), task_id='extract_homicidios', dag_id='Homicidios_Alagoas', run_id='manual__2025-11-06T20:39:42+00:00', try_number=1, dag_version_id=UUID('019a5ad9-b849-7a4e-8510-6ead9881b314'), map_index=-1, hostname='56ac91b186aa', context_carrier={}, task=<Task(PythonOperator): extract_homicidios>, bundle_instance=LocalDagBundle(name=dags-folder), max_tries=1, start_date=datetime.datetime(2025, 11, 6, 20, 39, 43, 806943, tzinfo=datetime.timezone.utc), end_date=None, state=<TaskInstanceState.RUNNING: 'running'>, is_mapped=False, rendered_map_index=None)","logger":"task","filename":"task_runner.py","lineno":1357}
{"timestamp":"2025-11-06T20:39:44.543954Z","level":"info","event":"Task instance in success state","logger":"task.stdout"}
{"timestamp":"2025-11-06T20:39:44.544099Z","level":"info","event":" Previous state of the Task instance: TaskInstanceState.RUNNING","logger":"task.stdout"}
{"timestamp":"2025-11-06T20:39:44.544199Z","level":"info","event":"Task operator:<Task(PythonOperator): extract_homicidios>","logger":"task.stdout"}
