{"timestamp":"2025-11-06T19:15:42.466405Z","level":"info","event":"DAG bundles loaded: dags-folder, example_dags","logger":"airflow.dag_processing.bundles.manager.DagBundlesManager","filename":"manager.py","lineno":179}
{"timestamp":"2025-11-06T19:15:42.466977Z","level":"info","event":"Filling up the DagBag from /opt/airflow/dags/homicidiosAlagoas.py","logger":"airflow.models.dagbag.DagBag","filename":"dagbag.py","lineno":593}
{"timestamp":"2025-11-06T19:15:42.498128Z","level":"info","event":"Task instance is in running state","logger":"task.stdout"}
{"timestamp":"2025-11-06T19:15:42.498300Z","level":"info","event":" Previous state of the Task instance: TaskInstanceState.QUEUED","logger":"task.stdout"}
{"timestamp":"2025-11-06T19:15:42.498382Z","level":"info","event":"Current task name:transform_homicidios","logger":"task.stdout"}
{"timestamp":"2025-11-06T19:15:42.498413Z","level":"info","event":"Dag name:Homicidios_Alagoas","logger":"task.stdout"}
{"timestamp":"2025-11-06T19:15:42.597147Z","level":"info","event":"          skin_color  age        sex  ...          neighborhood       date hour","logger":"task.stdout"}
{"timestamp":"2025-11-06T19:15:42.597357Z","level":"info","event":"0              Parda   20  Masculino  ...              Planalto 2016-01-01    1","logger":"task.stdout"}
{"timestamp":"2025-11-06T19:15:42.597434Z","level":"info","event":"1              Parda   25  Masculino  ...    Tabuleiro do Pinto 2016-01-01    4","logger":"task.stdout"}
{"timestamp":"2025-11-06T19:15:42.597465Z","level":"info","event":"2              Parda   32  Masculino  ...  Tabuleiro do Martins 2016-01-01    4","logger":"task.stdout"}
{"timestamp":"2025-11-06T19:15:42.597490Z","level":"info","event":"3              Parda   35  Masculino  ...      Chã de Bebedouro 2016-01-01   11","logger":"task.stdout"}
{"timestamp":"2025-11-06T19:15:42.597515Z","level":"info","event":"4             Branca   21  Masculino  ...                Centro 2016-01-01   20","logger":"task.stdout"}
{"timestamp":"2025-11-06T19:15:42.597536Z","level":"info","event":"...              ...  ...        ...  ...                   ...        ...  ...","logger":"task.stdout"}
{"timestamp":"2025-11-06T19:15:42.597562Z","level":"info","event":"10840  Não Informado   32  Masculino  ...                Centro 2023-07-30    6","logger":"task.stdout"}
{"timestamp":"2025-11-06T19:15:42.597584Z","level":"info","event":"10841          Parda   26  Masculino  ...               Xucurus 2023-07-30    9","logger":"task.stdout"}
{"timestamp":"2025-11-06T19:15:42.597606Z","level":"info","event":"10842  Não Informado   39  Masculino  ...        Nova Esperança 2023-07-30   20","logger":"task.stdout"}
{"timestamp":"2025-11-06T19:15:42.597626Z","level":"info","event":"10843          Parda   22  Masculino  ...            Jacintinho 2023-07-30   20","logger":"task.stdout"}
{"timestamp":"2025-11-06T19:15:42.597646Z","level":"info","event":"10844          Preta   20  Masculino  ...             Clima Bom 2023-07-31   20","logger":"task.stdout"}
{"timestamp":"2025-11-06T19:15:42.597668Z","level":"info","event":"","logger":"task.stdout"}
{"timestamp":"2025-11-06T19:15:42.597691Z","level":"info","event":"[10845 rows x 9 columns]","logger":"task.stdout"}
{"timestamp":"2025-11-06T19:15:42.604115Z","level":"info","event":"Done. Returned value was:           skin_color  age        sex  ...          neighborhood       date hour\n0              Parda   20  Masculino  ...              Planalto 2016-01-01    1\n1              Parda   25  Masculino  ...    Tabuleiro do Pinto 2016-01-01    4\n2              Parda   32  Masculino  ...  Tabuleiro do Martins 2016-01-01    4\n3              Parda   35  Masculino  ...      Chã de Bebedouro 2016-01-01   11\n4             Branca   21  Masculino  ...                Centro 2016-01-01   20\n...              ...  ...        ...  ...                   ...        ...  ...\n10840  Não Informado   32  Masculino  ...                Centro 2023-07-30    6\n10841          Parda   26  Masculino  ...               Xucurus 2023-07-30    9\n10842  Não Informado   39  Masculino  ...        Nova Esperança 2023-07-30   20\n10843          Parda   22  Masculino  ...            Jacintinho 2023-07-30   20\n10844          Preta   20  Masculino  ...             Clima Bom 2023-07-31   20\n\n[10845 rows x 9 columns]","logger":"airflow.task.operators.airflow.providers.standard.operators.python.PythonOperator","filename":"python.py","lineno":215}
{"timestamp":"2025-11-06T19:15:42.604494Z","level":"info","event":"Pushing xcom","ti":"RuntimeTaskInstance(id=UUID('019a5a98-93c3-76a5-81b6-0606c4a159bf'), task_id='transform_homicidios', dag_id='Homicidios_Alagoas', run_id='manual__2025-11-06T19:15:38+00:00', try_number=1, dag_version_id=UUID('019a5a94-38cb-762e-9202-c04983c42685'), map_index=-1, hostname='56ac91b186aa', context_carrier={}, task=<Task(PythonOperator): transform_homicidios>, bundle_instance=LocalDagBundle(name=dags-folder), max_tries=1, start_date=datetime.datetime(2025, 11, 6, 19, 15, 42, 103579, tzinfo=datetime.timezone.utc), end_date=None, state=<TaskInstanceState.RUNNING: 'running'>, is_mapped=False, rendered_map_index=None)","logger":"task","filename":"task_runner.py","lineno":1357}
{"timestamp":"2025-11-06T19:15:42.668248Z","level":"info","event":"Task instance in success state","logger":"task.stdout"}
{"timestamp":"2025-11-06T19:15:42.668611Z","level":"info","event":" Previous state of the Task instance: TaskInstanceState.RUNNING","logger":"task.stdout"}
{"timestamp":"2025-11-06T19:15:42.668829Z","level":"info","event":"Task operator:<Task(PythonOperator): transform_homicidios>","logger":"task.stdout"}
