{"timestamp":"2025-11-06T19:12:10.939312Z","level":"info","event":"DAG bundles loaded: dags-folder, example_dags","logger":"airflow.dag_processing.bundles.manager.DagBundlesManager","filename":"manager.py","lineno":179}
{"timestamp":"2025-11-06T19:12:10.946885Z","level":"info","event":"Filling up the DagBag from /opt/airflow/dags/homicidiosAlagoas.py","logger":"airflow.models.dagbag.DagBag","filename":"dagbag.py","lineno":593}
{"timestamp":"2025-11-06T19:12:11.008264Z","level":"info","event":"Task instance is in running state","logger":"task.stdout"}
{"timestamp":"2025-11-06T19:12:11.008572Z","level":"info","event":" Previous state of the Task instance: TaskInstanceState.QUEUED","logger":"task.stdout"}
{"timestamp":"2025-11-06T19:12:11.008740Z","level":"info","event":"Current task name:extract_homicidios","logger":"task.stdout"}
{"timestamp":"2025-11-06T19:12:11.008813Z","level":"info","event":"Dag name:Homicidios_Alagoas","logger":"task.stdout"}
{"timestamp":"2025-11-06T19:12:11.104814Z","level":"info","event":"      skin_color   age        sex  ...          neighborhood        date hour","logger":"task.stdout"}
{"timestamp":"2025-11-06T19:12:11.104983Z","level":"info","event":"0          Parda  20.0  Masculino  ...              Planalto  01/01/2016    1","logger":"task.stdout"}
{"timestamp":"2025-11-06T19:12:11.105039Z","level":"info","event":"1          Parda  25.0  Masculino  ...    Tabuleiro do Pinto  01/01/2016    4","logger":"task.stdout"}
{"timestamp":"2025-11-06T19:12:11.105084Z","level":"info","event":"2          Parda  32.0  Masculino  ...  Tabuleiro do Martins  01/01/2016    4","logger":"task.stdout"}
{"timestamp":"2025-11-06T19:12:11.105124Z","level":"info","event":"3          Parda  35.0  Masculino  ...      Chã de Bebedouro  01/01/2016   11","logger":"task.stdout"}
{"timestamp":"2025-11-06T19:12:11.105165Z","level":"info","event":"4         Branca  21.0  Masculino  ...                Centro  01/01/2016   20","logger":"task.stdout"}
{"timestamp":"2025-11-06T19:12:11.105207Z","level":"info","event":"...          ...   ...        ...  ...                   ...         ...  ...","logger":"task.stdout"}
{"timestamp":"2025-11-06T19:12:11.105283Z","level":"info","event":"10840         NI    32  Masculino  ...                Centro  30/07/2023    6","logger":"task.stdout"}
{"timestamp":"2025-11-06T19:12:11.105346Z","level":"info","event":"10841      Parda    26  Masculino  ...               Xucurus  30/07/2023    9","logger":"task.stdout"}
{"timestamp":"2025-11-06T19:12:11.105389Z","level":"info","event":"10842         NI    39  Masculino  ...        Nova Esperança  30/07/2023   20","logger":"task.stdout"}
{"timestamp":"2025-11-06T19:12:11.105434Z","level":"info","event":"10843      Parda    22  Masculino  ...            Jacintinho  30/07/2023   20","logger":"task.stdout"}
{"timestamp":"2025-11-06T19:12:11.105580Z","level":"info","event":"10844      Preta    20  Masculino  ...             Clima Bom  31/07/2023   20","logger":"task.stdout"}
{"timestamp":"2025-11-06T19:12:11.105678Z","level":"info","event":"","logger":"task.stdout"}
{"timestamp":"2025-11-06T19:12:11.105742Z","level":"info","event":"[10845 rows x 9 columns]","logger":"task.stdout"}
{"timestamp":"2025-11-06T19:12:11.121030Z","level":"info","event":"Done. Returned value was:       skin_color   age        sex  ...          neighborhood        date hour\n0          Parda  20.0  Masculino  ...              Planalto  01/01/2016    1\n1          Parda  25.0  Masculino  ...    Tabuleiro do Pinto  01/01/2016    4\n2          Parda  32.0  Masculino  ...  Tabuleiro do Martins  01/01/2016    4\n3          Parda  35.0  Masculino  ...      Chã de Bebedouro  01/01/2016   11\n4         Branca  21.0  Masculino  ...                Centro  01/01/2016   20\n...          ...   ...        ...  ...                   ...         ...  ...\n10840         NI    32  Masculino  ...                Centro  30/07/2023    6\n10841      Parda    26  Masculino  ...               Xucurus  30/07/2023    9\n10842         NI    39  Masculino  ...        Nova Esperança  30/07/2023   20\n10843      Parda    22  Masculino  ...            Jacintinho  30/07/2023   20\n10844      Preta    20  Masculino  ...             Clima Bom  31/07/2023   20\n\n[10845 rows x 9 columns]","logger":"airflow.task.operators.airflow.providers.standard.operators.python.PythonOperator","filename":"python.py","lineno":215}
{"timestamp":"2025-11-06T19:12:11.121608Z","level":"info","event":"Pushing xcom","ti":"RuntimeTaskInstance(id=UUID('019a5a95-5bab-7281-9fd5-d67c1e0c64a7'), task_id='extract_homicidios', dag_id='Homicidios_Alagoas', run_id='manual__2025-11-06T19:12:08+00:00', try_number=1, dag_version_id=UUID('019a5a94-38cb-762e-9202-c04983c42685'), map_index=-1, hostname='56ac91b186aa', context_carrier={}, task=<Task(PythonOperator): extract_homicidios>, bundle_instance=LocalDagBundle(name=dags-folder), max_tries=1, start_date=datetime.datetime(2025, 11, 6, 19, 12, 10, 387927, tzinfo=datetime.timezone.utc), end_date=None, state=<TaskInstanceState.RUNNING: 'running'>, is_mapped=False, rendered_map_index=None)","logger":"task","filename":"task_runner.py","lineno":1357}
{"timestamp":"2025-11-06T19:12:11.196751Z","level":"info","event":"Task instance in success state","logger":"task.stdout"}
{"timestamp":"2025-11-06T19:12:11.196882Z","level":"info","event":" Previous state of the Task instance: TaskInstanceState.RUNNING","logger":"task.stdout"}
{"timestamp":"2025-11-06T19:12:11.197034Z","level":"info","event":"Task operator:<Task(PythonOperator): extract_homicidios>","logger":"task.stdout"}
