{"timestamp":"2025-11-06T19:12:11.744183Z","level":"info","event":"DAG bundles loaded: dags-folder, example_dags","logger":"airflow.dag_processing.bundles.manager.DagBundlesManager","filename":"manager.py","lineno":179}
{"timestamp":"2025-11-06T19:12:11.744827Z","level":"info","event":"Filling up the DagBag from /opt/airflow/dags/homicidiosAlagoas.py","logger":"airflow.models.dagbag.DagBag","filename":"dagbag.py","lineno":593}
{"timestamp":"2025-11-06T19:12:11.771406Z","level":"info","event":"Task instance is in running state","logger":"task.stdout"}
{"timestamp":"2025-11-06T19:12:11.771556Z","level":"info","event":" Previous state of the Task instance: TaskInstanceState.QUEUED","logger":"task.stdout"}
{"timestamp":"2025-11-06T19:12:11.771632Z","level":"info","event":"Current task name:transform_homicidios","logger":"task.stdout"}
{"timestamp":"2025-11-06T19:12:11.771661Z","level":"info","event":"Dag name:Homicidios_Alagoas","logger":"task.stdout"}
{"timestamp":"2025-11-06T19:12:11.913618Z","level":"info","event":"      skin_color  age        sex  ...          neighborhood       date hour","logger":"task.stdout"}
{"timestamp":"2025-11-06T19:12:11.913778Z","level":"info","event":"0          Parda   20  Masculino  ...              Planalto 2016-01-01    1","logger":"task.stdout"}
{"timestamp":"2025-11-06T19:12:11.913825Z","level":"info","event":"1          Parda   25  Masculino  ...    Tabuleiro do Pinto 2016-01-01    4","logger":"task.stdout"}
{"timestamp":"2025-11-06T19:12:11.913852Z","level":"info","event":"2          Parda   32  Masculino  ...  Tabuleiro do Martins 2016-01-01    4","logger":"task.stdout"}
{"timestamp":"2025-11-06T19:12:11.913875Z","level":"info","event":"3          Parda   35  Masculino  ...      Chã de Bebedouro 2016-01-01   11","logger":"task.stdout"}
{"timestamp":"2025-11-06T19:12:11.913898Z","level":"info","event":"4         Branca   21  Masculino  ...                Centro 2016-01-01   20","logger":"task.stdout"}
{"timestamp":"2025-11-06T19:12:11.913922Z","level":"info","event":"...          ...  ...        ...  ...                   ...        ...  ...","logger":"task.stdout"}
{"timestamp":"2025-11-06T19:12:11.913942Z","level":"info","event":"10840         NI   32  Masculino  ...                Centro 2023-07-30    6","logger":"task.stdout"}
{"timestamp":"2025-11-06T19:12:11.913962Z","level":"info","event":"10841      Parda   26  Masculino  ...               Xucurus 2023-07-30    9","logger":"task.stdout"}
{"timestamp":"2025-11-06T19:12:11.913982Z","level":"info","event":"10842         NI   39  Masculino  ...        Nova Esperança 2023-07-30   20","logger":"task.stdout"}
{"timestamp":"2025-11-06T19:12:11.914002Z","level":"info","event":"10843      Parda   22  Masculino  ...            Jacintinho 2023-07-30   20","logger":"task.stdout"}
{"timestamp":"2025-11-06T19:12:11.914023Z","level":"info","event":"10844      Preta   20  Masculino  ...             Clima Bom 2023-07-31   20","logger":"task.stdout"}
{"timestamp":"2025-11-06T19:12:11.914043Z","level":"info","event":"","logger":"task.stdout"}
{"timestamp":"2025-11-06T19:12:11.914065Z","level":"info","event":"[10845 rows x 9 columns]","logger":"task.stdout"}
{"timestamp":"2025-11-06T19:12:11.920801Z","level":"info","event":"Done. Returned value was:       skin_color  age        sex  ...          neighborhood       date hour\n0          Parda   20  Masculino  ...              Planalto 2016-01-01    1\n1          Parda   25  Masculino  ...    Tabuleiro do Pinto 2016-01-01    4\n2          Parda   32  Masculino  ...  Tabuleiro do Martins 2016-01-01    4\n3          Parda   35  Masculino  ...      Chã de Bebedouro 2016-01-01   11\n4         Branca   21  Masculino  ...                Centro 2016-01-01   20\n...          ...  ...        ...  ...                   ...        ...  ...\n10840         NI   32  Masculino  ...                Centro 2023-07-30    6\n10841      Parda   26  Masculino  ...               Xucurus 2023-07-30    9\n10842         NI   39  Masculino  ...        Nova Esperança 2023-07-30   20\n10843      Parda   22  Masculino  ...            Jacintinho 2023-07-30   20\n10844      Preta   20  Masculino  ...             Clima Bom 2023-07-31   20\n\n[10845 rows x 9 columns]","logger":"airflow.task.operators.airflow.providers.standard.operators.python.PythonOperator","filename":"python.py","lineno":215}
{"timestamp":"2025-11-06T19:12:11.921092Z","level":"info","event":"Pushing xcom","ti":"RuntimeTaskInstance(id=UUID('019a5a95-5bac-7a96-afa1-93dc9d8bcf9a'), task_id='transform_homicidios', dag_id='Homicidios_Alagoas', run_id='manual__2025-11-06T19:12:08+00:00', try_number=1, dag_version_id=UUID('019a5a94-38cb-762e-9202-c04983c42685'), map_index=-1, hostname='56ac91b186aa', context_carrier={}, task=<Task(PythonOperator): transform_homicidios>, bundle_instance=LocalDagBundle(name=dags-folder), max_tries=1, start_date=datetime.datetime(2025, 11, 6, 19, 12, 11, 447057, tzinfo=datetime.timezone.utc), end_date=None, state=<TaskInstanceState.RUNNING: 'running'>, is_mapped=False, rendered_map_index=None)","logger":"task","filename":"task_runner.py","lineno":1357}
{"timestamp":"2025-11-06T19:12:11.968494Z","level":"info","event":"Task instance in success state","logger":"task.stdout"}
{"timestamp":"2025-11-06T19:12:11.968646Z","level":"info","event":" Previous state of the Task instance: TaskInstanceState.RUNNING","logger":"task.stdout"}
{"timestamp":"2025-11-06T19:12:11.968743Z","level":"info","event":"Task operator:<Task(PythonOperator): transform_homicidios>","logger":"task.stdout"}
