{"timestamp":"2025-11-06T20:49:16.954736Z","level":"info","event":"DAG bundles loaded: dags-folder, example_dags","logger":"airflow.dag_processing.bundles.manager.DagBundlesManager","filename":"manager.py","lineno":179}
{"timestamp":"2025-11-06T20:49:16.955328Z","level":"info","event":"Filling up the DagBag from /opt/airflow/dags/homicidiosAlagoas.py","logger":"airflow.models.dagbag.DagBag","filename":"dagbag.py","lineno":593}
{"timestamp":"2025-11-06T20:49:16.997314Z","level":"info","event":"Task instance is in running state","logger":"task.stdout"}
{"timestamp":"2025-11-06T20:49:16.997572Z","level":"info","event":" Previous state of the Task instance: TaskInstanceState.QUEUED","logger":"task.stdout"}
{"timestamp":"2025-11-06T20:49:16.997733Z","level":"info","event":"Current task name:extract_homicidios","logger":"task.stdout"}
{"timestamp":"2025-11-06T20:49:16.997798Z","level":"info","event":"Dag name:Homicidios_Alagoas","logger":"task.stdout"}
{"timestamp":"2025-11-06T20:49:17.024939Z","level":"info","event":"      skin_color   age        sex  ...          neighborhood        date hour","logger":"task.stdout"}
{"timestamp":"2025-11-06T20:49:17.025093Z","level":"info","event":"0          Parda  20.0  Masculino  ...              Planalto  01/01/2016    1","logger":"task.stdout"}
{"timestamp":"2025-11-06T20:49:17.025130Z","level":"info","event":"1          Parda  25.0  Masculino  ...    Tabuleiro do Pinto  01/01/2016    4","logger":"task.stdout"}
{"timestamp":"2025-11-06T20:49:17.025158Z","level":"info","event":"2          Parda  32.0  Masculino  ...  Tabuleiro do Martins  01/01/2016    4","logger":"task.stdout"}
{"timestamp":"2025-11-06T20:49:17.025184Z","level":"info","event":"3          Parda  35.0  Masculino  ...      Chã de Bebedouro  01/01/2016   11","logger":"task.stdout"}
{"timestamp":"2025-11-06T20:49:17.025234Z","level":"info","event":"4         Branca  21.0  Masculino  ...                Centro  01/01/2016   20","logger":"task.stdout"}
{"timestamp":"2025-11-06T20:49:17.025277Z","level":"info","event":"...          ...   ...        ...  ...                   ...         ...  ...","logger":"task.stdout"}
{"timestamp":"2025-11-06T20:49:17.025308Z","level":"info","event":"10840         NI    32  Masculino  ...                Centro  30/07/2023    6","logger":"task.stdout"}
{"timestamp":"2025-11-06T20:49:17.025333Z","level":"info","event":"10841      Parda    26  Masculino  ...               Xucurus  30/07/2023    9","logger":"task.stdout"}
{"timestamp":"2025-11-06T20:49:17.025358Z","level":"info","event":"10842         NI    39  Masculino  ...        Nova Esperança  30/07/2023   20","logger":"task.stdout"}
{"timestamp":"2025-11-06T20:49:17.025380Z","level":"info","event":"10843      Parda    22  Masculino  ...            Jacintinho  30/07/2023   20","logger":"task.stdout"}
{"timestamp":"2025-11-06T20:49:17.025403Z","level":"info","event":"10844      Preta    20  Masculino  ...             Clima Bom  31/07/2023   20","logger":"task.stdout"}
{"timestamp":"2025-11-06T20:49:17.025427Z","level":"info","event":"","logger":"task.stdout"}
{"timestamp":"2025-11-06T20:49:17.025452Z","level":"info","event":"[10845 rows x 9 columns]","logger":"task.stdout"}
{"timestamp":"2025-11-06T20:49:17.030374Z","level":"info","event":"Done. Returned value was:       skin_color   age        sex  ...          neighborhood        date hour\n0          Parda  20.0  Masculino  ...              Planalto  01/01/2016    1\n1          Parda  25.0  Masculino  ...    Tabuleiro do Pinto  01/01/2016    4\n2          Parda  32.0  Masculino  ...  Tabuleiro do Martins  01/01/2016    4\n3          Parda  35.0  Masculino  ...      Chã de Bebedouro  01/01/2016   11\n4         Branca  21.0  Masculino  ...                Centro  01/01/2016   20\n...          ...   ...        ...  ...                   ...         ...  ...\n10840         NI    32  Masculino  ...                Centro  30/07/2023    6\n10841      Parda    26  Masculino  ...               Xucurus  30/07/2023    9\n10842         NI    39  Masculino  ...        Nova Esperança  30/07/2023   20\n10843      Parda    22  Masculino  ...            Jacintinho  30/07/2023   20\n10844      Preta    20  Masculino  ...             Clima Bom  31/07/2023   20\n\n[10845 rows x 9 columns]","logger":"airflow.task.operators.airflow.providers.standard.operators.python.PythonOperator","filename":"python.py","lineno":215}
{"timestamp":"2025-11-06T20:49:17.031303Z","level":"info","event":"Pushing xcom","ti":"RuntimeTaskInstance(id=UUID('019a5aee-4341-7b3e-a5ba-f9733d5b4ae2'), task_id='extract_homicidios', dag_id='Homicidios_Alagoas', run_id='manual__2025-11-06T20:49:14+00:00', try_number=1, dag_version_id=UUID('019a5ae6-2159-7613-943b-a63388d088e0'), map_index=-1, hostname='56ac91b186aa', context_carrier={}, task=<Task(PythonOperator): extract_homicidios>, bundle_instance=LocalDagBundle(name=dags-folder), max_tries=1, start_date=datetime.datetime(2025, 11, 6, 20, 49, 16, 652132, tzinfo=datetime.timezone.utc), end_date=None, state=<TaskInstanceState.RUNNING: 'running'>, is_mapped=False, rendered_map_index=None)","logger":"task","filename":"task_runner.py","lineno":1357}
{"timestamp":"2025-11-06T20:49:17.096941Z","level":"info","event":"Task instance in success state","logger":"task.stdout"}
{"timestamp":"2025-11-06T20:49:17.097084Z","level":"info","event":" Previous state of the Task instance: TaskInstanceState.RUNNING","logger":"task.stdout"}
{"timestamp":"2025-11-06T20:49:17.097161Z","level":"info","event":"Task operator:<Task(PythonOperator): extract_homicidios>","logger":"task.stdout"}
